Pokedex > 109 https://pokeapi.co/api/v2/location-area/?offset=0&limit=20
111 false
//////////////////
135 https://pokeapi.co/api/v2/location-area/?offset=0&limit=20
//////////////////
pokeUrl:  https://pokeapi.co/api/v2/location-area/?offset=0&limit=20 conf.next:  https://pokeapi.co/api/v2/location-area/?offset=20&limit=20 conf.prev:   136
canalave-city-area
eterna-city-area
pastoria-city-area
sunyshore-city-area
sinnoh-pokemon-league-area
oreburgh-mine-1f
oreburgh-mine-b1f
valley-windworks-area
eterna-forest-area
fuego-ironworks-area
mt-coronet-1f-route-207
mt-coronet-2f
mt-coronet-3f
mt-coronet-exterior-snowfall
mt-coronet-exterior-blizzard
mt-coronet-4f
mt-coronet-4f-small-room
mt-coronet-5f
mt-coronet-6f
mt-coronet-1f-from-exterior
109 https://pokeapi.co/api/v2/location-area/?offset=20&limit=20
111 false
//////////////////
135 https://pokeapi.co/api/v2/location-area/?offset=20&limit=20
//////////////////
pokeUrl:  https://pokeapi.co/api/v2/location-area/?offset=20&limit=20 conf.next:  https://pokeapi.co/api/v2/location-area/?offset=40&limit=20 conf.prev:  https://pokeapi.co/api/v2/location-area/?offset=0&limit=20 136
mt-coronet-1f-route-216
mt-coronet-1f-route-211
mt-coronet-b1f
great-marsh-area-1
great-marsh-area-2
great-marsh-area-3
great-marsh-area-4
great-marsh-area-5
great-marsh-area-6
solaceon-ruins-2f
solaceon-ruins-1f
solaceon-ruins-b1f-a
solaceon-ruins-b1f-b
solaceon-ruins-b1f-c
solaceon-ruins-b2f-a
solaceon-ruins-b2f-b
solaceon-ruins-b2f-c
solaceon-ruins-b3f-a
solaceon-ruins-b3f-b
solaceon-ruins-b3f-c
157 true
//////////////////
167 https://pokeapi.co/api/v2/location-area/?offset=0&limit=20
//////////////////
167 
canalave-city-area
eterna-city-area
pastoria-city-area
sunyshore-city-area
sinnoh-pokemon-league-area
oreburgh-mine-1f
oreburgh-mine-b1f
valley-windworks-area
eterna-forest-area
fuego-ironworks-area
mt-coronet-1f-route-207
mt-coronet-2f
mt-coronet-3f
mt-coronet-exterior-snowfall
mt-coronet-exterior-blizzard
mt-coronet-4f
mt-coronet-4f-small-room
mt-coronet-5f
mt-coronet-6f
mt-coronet-1f-from-exterior
you're on the first page
157 false
//////////////////
167 
//////////////////
167 
109 https://pokeapi.co/api/v2/location-area/?offset=0&limit=20
111 true
//////////////////
135 https://pokeapi.co/api/v2/location-area/?offset=0&limit=20
//////////////////
pokeUrl:  https://pokeapi.co/api/v2/location-area/?offset=0&limit=20 conf.next:  https://pokeapi.co/api/v2/location-area/?offset=20&limit=20 conf.prev:   136
canalave-city-area
eterna-city-area
pastoria-city-area
sunyshore-city-area
sinnoh-pokemon-league-area
oreburgh-mine-1f
oreburgh-mine-b1f
valley-windworks-area
eterna-forest-area
fuego-ironworks-area
mt-coronet-1f-route-207
mt-coronet-2f
mt-coronet-3f
mt-coronet-exterior-snowfall
mt-coronet-exterior-blizzard
mt-coronet-4f
mt-coronet-4f-small-room
mt-coronet-5f
mt-coronet-6f
mt-coronet-1f-from-exterior
109 https://pokeapi.co/api/v2/location-area/?offset=20&limit=20
111 true
//////////////////
135 https://pokeapi.co/api/v2/location-area/?offset=20&limit=20
//////////////////
pokeUrl:  https://pokeapi.co/api/v2/location-area/?offset=20&limit=20 conf.next:  https://pokeapi.co/api/v2/location-area/?offset=40&limit=20 conf.prev:  https://pokeapi.co/api/v2/location-area/?offset=0&limit=20 136
mt-coronet-1f-route-216
mt-coronet-1f-route-211
mt-coronet-b1f
great-marsh-area-1
great-marsh-area-2
great-marsh-area-3
great-marsh-area-4
great-marsh-area-5
great-marsh-area-6
solaceon-ruins-2f
solaceon-ruins-1f
solaceon-ruins-b1f-a
solaceon-ruins-b1f-b
solaceon-ruins-b1f-c
solaceon-ruins-b2f-a
solaceon-ruins-b2f-b
solaceon-ruins-b2f-c
solaceon-ruins-b3f-a
solaceon-ruins-b3f-b
solaceon-ruins-b3f-c
109 https://pokeapi.co/api/v2/location-area/?offset=40&limit=20
111 false
//////////////////
135 https://pokeapi.co/api/v2/location-area/?offset=40&limit=20
//////////////////
pokeUrl:  https://pokeapi.co/api/v2/location-area/?offset=40&limit=20 conf.next:  https://pokeapi.co/api/v2/location-area/?offset=60&limit=20 conf.prev:  https://pokeapi.co/api/v2/location-area/?offset=20&limit=20 136
solaceon-ruins-b3f-d
solaceon-ruins-b3f-e
solaceon-ruins-b4f-a
solaceon-ruins-b4f-b
solaceon-ruins-b4f-c
solaceon-ruins-b4f-d
solaceon-ruins-b5f
sinnoh-victory-road-1f
sinnoh-victory-road-2f
sinnoh-victory-road-b1f
sinnoh-victory-road-inside-b1f
sinnoh-victory-road-inside
sinnoh-victory-road-inside-exit
ravaged-path-area
oreburgh-gate-1f
oreburgh-gate-b1f
stark-mountain-area
stark-mountain-entrance
stark-mountain-inside
sendoff-spring-area
109 https://pokeapi.co/api/v2/location-area/?offset=60&limit=20
111 false
//////////////////
135 https://pokeapi.co/api/v2/location-area/?offset=60&limit=20
//////////////////
pokeUrl:  https://pokeapi.co/api/v2/location-area/?offset=60&limit=20 conf.next:  https://pokeapi.co/api/v2/location-area/?offset=80&limit=20 conf.prev:  https://pokeapi.co/api/v2/location-area/?offset=40&limit=20 136
turnback-cave-pillar-1
turnback-cave-pillar-2
turnback-cave-pillar-3
turnback-cave-before-pillar-1
turnback-cave-between-pillars-1-and-2
turnback-cave-between-pillars-2-and-3
turnback-cave-after-pillar-3
snowpoint-temple-1f
snowpoint-temple-b1f
snowpoint-temple-b2f
snowpoint-temple-b3f
snowpoint-temple-b4f
snowpoint-temple-b5f
wayward-cave-1f
wayward-cave-b1f
ruin-maniac-cave-0-9-different-unown-caught
ruin-maniac-cave-10-25-different-unown-caught
maniac-tunnel-26-plus-different-unown-caught
trophy-garden-area
iron-island-area
109 https://pokeapi.co/api/v2/location-area/?offset=80&limit=20
111 false
//////////////////
135 https://pokeapi.co/api/v2/location-area/?offset=80&limit=20
//////////////////
pokeUrl:  https://pokeapi.co/api/v2/location-area/?offset=80&limit=20 conf.next:  https://pokeapi.co/api/v2/location-area/?offset=100&limit=20 conf.prev:  https://pokeapi.co/api/v2/location-area/?offset=60&limit=20 136
iron-island-1f
iron-island-b1f-left
iron-island-b1f-right
iron-island-b2f-right
iron-island-b2f-left
iron-island-b3f
old-chateau-entrance
old-chateau-dining-room
old-chateau-2f-private-room
old-chateau-2f
old-chateau-2f-leftmost-room
old-chateau-2f-left-room
old-chateau-2f-middle-room
old-chateau-2f-right-room
old-chateau-2f-rightmost-room
lake-verity-before-galactic-intervention
lake-verity-after-galactic-intervention
lake-valor-area
lake-acuity-area
valor-lakefront-area
157 true
//////////////////
167 https://pokeapi.co/api/v2/location-area/?offset=60&limit=20
//////////////////
167 https://pokeapi.co/api/v2/location-area/?offset=40&limit=20
turnback-cave-pillar-1
turnback-cave-pillar-2
turnback-cave-pillar-3
turnback-cave-before-pillar-1
turnback-cave-between-pillars-1-and-2
turnback-cave-between-pillars-2-and-3
turnback-cave-after-pillar-3
snowpoint-temple-1f
snowpoint-temple-b1f
snowpoint-temple-b2f
snowpoint-temple-b3f
snowpoint-temple-b4f
snowpoint-temple-b5f
wayward-cave-1f
wayward-cave-b1f
ruin-maniac-cave-0-9-different-unown-caught
ruin-maniac-cave-10-25-different-unown-caught
maniac-tunnel-26-plus-different-unown-caught
trophy-garden-area
iron-island-area
Closing the Pokedex... Goodbye! 
